<?xml version="1.0" encoding="UTF-8"?>
<testsuite name="consume API web" tests="1" skipped="0" failures="0" errors="0" timestamp="2020-08-22T15:16:45" hostname="DESKTOP-S5BRHJP" time="24.802">
  <properties/>
  <testcase name="API health end-point" classname="consume API web" time="24.802"/>
  <system-out><![CDATA[response{"code":201,"meta":null,"data":{"id":1366,"name":"Cosista","email":"Angeles@gmail2.com","gender":"Male","status":"Active","created_at":"2020-08-22T20:47:05.593+05:30","updated_at":"2020-08-22T20:47:05.593+05:30"}}
null
Status code 200
]]></system-out>
  <system-err><![CDATA[[Test worker] INFO net.thucydides.core.steps.ConsoleLoggingListener - 
        __    _____ _____ ____ _____   ____   _    ____  ____  _____ ____  
  _     \ \  |_   _| ____/ ___|_   _| |  _ \ / \  / ___|/ ___|| ____|  _ \ 
 (_)_____| |   | | |  _| \___ \ | |   | |_) / _ \ \___ \\___ \|  _| | | | |
  _|_____| |   | | | |___ ___) || |   |  __/ ___ \ ___) |___) | |___| |_| |
 (_)     | |   |_| |_____|____/ |_|   |_| /_/   \_\____/|____/|_____|____/ 
        /_/                                                                

TEST PASSED: API health end-point
----------------------------------------------------------------------------
]]></system-err>
</testsuite>
